<?xml version="1.0" encoding="UTF-8"?>
<!-- Generated by org.testng.reporters.JUnitXMLReporter -->
<testsuite hostname="X390" ignored="0" name="Test" tests="33" failures="2" timestamp="2022-07-18T21:24:42 EDT" time="0.133" errors="0">
  <testcase name="TestNG1" time="0.008" classname="method2.classA"/>
  <testcase name="TestNG2" time="0.001" classname="method2.classA">
    <skipped/>
  </testcase> <!-- TestNG2 -->
  <testcase name="TestNG2" time="0.001" classname="method2.classA">
    <skipped/>
  </testcase> <!-- TestNG2 -->
  <testcase name="TestNG2" time="0.001" classname="method2.classA">
    <skipped/>
  </testcase> <!-- TestNG2 -->
  <testcase name="TestNG2" time="0.001" classname="method2.classA">
    <skipped/>
  </testcase> <!-- TestNG2 -->
  <testcase name="TestNG2" time="0.001" classname="method2.classA">
    <skipped/>
  </testcase> <!-- TestNG2 -->
  <testcase name="TestNG2" time="0.002" classname="method2.classA">
    <skipped/>
  </testcase> <!-- TestNG2 -->
  <testcase name="TestNG2" time="0.001" classname="method2.classA">
    <skipped/>
  </testcase> <!-- TestNG2 -->
  <testcase name="TestNG2" time="0.001" classname="method2.classA">
    <skipped/>
  </testcase> <!-- TestNG2 -->
  <testcase name="TestNG2" time="0.001" classname="method2.classA">
    <skipped/>
  </testcase> <!-- TestNG2 -->
  <testcase name="TestNG2" time="0.001" classname="method2.classA">
    <skipped/>
  </testcase> <!-- TestNG2 -->
  <testcase name="TestNG2" time="0.001" classname="method2.classA">
    <skipped/>
  </testcase> <!-- TestNG2 -->
  <testcase name="TestNG2" time="0.001" classname="method2.classA">
    <skipped/>
  </testcase> <!-- TestNG2 -->
  <testcase name="TestNG2" time="0.0" classname="method2.classA">
    <skipped/>
  </testcase> <!-- TestNG2 -->
  <testcase name="TestNG2" time="0.001" classname="method2.classA">
    <skipped/>
  </testcase> <!-- TestNG2 -->
  <testcase name="TestNG2" time="0.001" classname="method2.classA">
    <skipped/>
  </testcase> <!-- TestNG2 -->
  <testcase name="TestNG2" time="0.002" classname="method2.classA">
    <failure type="java.lang.AssertionError" message="expected [true] but found [false]">
      <![CDATA[java.lang.AssertionError: expected [true] but found [false]
at method2.classA.TestNG2(classA.java:15)
at java.util.ArrayList.forEach(Unknown Source)
... Removed 31 stack frames]]>
    </failure>
  </testcase> <!-- TestNG2 -->
  <testcase name="TestNG3" time="0.001" classname="method2.classA">
    <skipped/>
  </testcase> <!-- TestNG3 -->
  <testcase name="TestNG3" time="0.001" classname="method2.classA">
    <skipped/>
  </testcase> <!-- TestNG3 -->
  <testcase name="TestNG3" time="0.0" classname="method2.classA">
    <skipped/>
  </testcase> <!-- TestNG3 -->
  <testcase name="TestNG3" time="0.001" classname="method2.classA">
    <skipped/>
  </testcase> <!-- TestNG3 -->
  <testcase name="TestNG3" time="0.001" classname="method2.classA">
    <skipped/>
  </testcase> <!-- TestNG3 -->
  <testcase name="TestNG3" time="0.002" classname="method2.classA">
    <skipped/>
  </testcase> <!-- TestNG3 -->
  <testcase name="TestNG3" time="0.003" classname="method2.classA">
    <skipped/>
  </testcase> <!-- TestNG3 -->
  <testcase name="TestNG3" time="0.002" classname="method2.classA">
    <skipped/>
  </testcase> <!-- TestNG3 -->
  <testcase name="TestNG3" time="0.001" classname="method2.classA">
    <skipped/>
  </testcase> <!-- TestNG3 -->
  <testcase name="TestNG3" time="0.001" classname="method2.classA">
    <skipped/>
  </testcase> <!-- TestNG3 -->
  <testcase name="TestNG3" time="0.001" classname="method2.classA">
    <skipped/>
  </testcase> <!-- TestNG3 -->
  <testcase name="TestNG3" time="0.001" classname="method2.classA">
    <skipped/>
  </testcase> <!-- TestNG3 -->
  <testcase name="TestNG3" time="0.001" classname="method2.classA">
    <skipped/>
  </testcase> <!-- TestNG3 -->
  <testcase name="TestNG3" time="0.001" classname="method2.classA">
    <skipped/>
  </testcase> <!-- TestNG3 -->
  <testcase name="TestNG3" time="0.003" classname="method2.classA">
    <skipped/>
  </testcase> <!-- TestNG3 -->
  <testcase name="TestNG3" time="0.002" classname="method2.classA">
    <failure type="java.lang.AssertionError" message="expected [true] but found [false]">
      <![CDATA[java.lang.AssertionError: expected [true] but found [false]
at method2.classA.TestNG3(classA.java:20)
at java.util.ArrayList.forEach(Unknown Source)
... Removed 31 stack frames]]>
    </failure>
  </testcase> <!-- TestNG3 -->
</testsuite> <!-- Test -->
